\BOOKMARK [1][-]{section.1}{Hard-Coding Networks}{}% 1
\BOOKMARK [2][-]{subsection.1.1}{Verify Sort}{section.1}% 2
\BOOKMARK [2][-]{subsection.1.2}{Perform Sort}{section.1}% 3
\BOOKMARK [2][-]{subsection.1.3}{Universal Approximation Theorem}{section.1}% 4
\BOOKMARK [3][-]{subsubsection.1.3.1}{}{subsection.1.3}% 5
\BOOKMARK [3][-]{subsubsection.1.3.2}{}{subsection.1.3}% 6
\BOOKMARK [3][-]{subsubsection.1.3.3}{}{subsection.1.3}% 7
\BOOKMARK [3][-]{subsubsection.1.3.4}{}{subsection.1.3}% 8
\BOOKMARK [1][-]{section.2}{Backprop}{}% 9
\BOOKMARK [2][-]{subsection.2.1}{Computational Graph}{section.2}% 10
\BOOKMARK [3][-]{subsubsection.2.1.1}{}{subsection.2.1}% 11
\BOOKMARK [3][-]{subsubsection.2.1.2}{}{subsection.2.1}% 12
\BOOKMARK [2][-]{subsection.2.2}{Vector-Jacobean Product \(VJPs\)}{section.2}% 13
\BOOKMARK [3][-]{subsubsection.2.2.1}{}{subsection.2.2}% 14
\BOOKMARK [3][-]{subsubsection.2.2.2}{}{subsection.2.2}% 15
\BOOKMARK [3][-]{subsubsection.2.2.3}{}{subsection.2.2}% 16
\BOOKMARK [1][-]{section.3}{Linear Regression}{}% 17
\BOOKMARK [2][-]{subsection.3.1}{Driving the Gradient}{section.3}% 18
\BOOKMARK [2][-]{subsection.3.2}{Under-parameterized Model}{section.3}% 19
\BOOKMARK [3][-]{subsubsection.3.2.1}{}{subsection.3.2}% 20
\BOOKMARK [3][-]{subsubsection.3.2.2}{}{subsection.3.2}% 21
\BOOKMARK [2][-]{subsection.3.3}{Over-parameterized Model: 2D Example}{section.3}% 22
\BOOKMARK [3][-]{subsubsection.3.3.1}{}{subsection.3.3}% 23
\BOOKMARK [3][-]{subsubsection.3.3.2}{}{subsection.3.3}% 24
\BOOKMARK [3][-]{subsubsection.3.3.3}{}{subsection.3.3}% 25
\BOOKMARK [2][-]{subsection.3.4}{Overparameterized Model: General Case}{section.3}% 26
\BOOKMARK [3][-]{subsubsection.3.4.1}{}{subsection.3.4}% 27
\BOOKMARK [3][-]{subsubsection.3.4.2}{}{subsection.3.4}% 28
\BOOKMARK [2][-]{subsection.3.5}{Benefit of Overparameterization}{section.3}% 29
\BOOKMARK [3][-]{subsubsection.3.5.1}{}{subsection.3.5}% 30
\BOOKMARK [3][-]{subsubsection.3.5.2}{}{subsection.3.5}% 31
